<?xml version="1.0" encoding="UTF-8"?>
<coverage generated="1562700588437" clover="3.2.0">
  <project timestamp="1562700588437" name="All files">
    <metrics statements="66" coveredstatements="66" conditionals="19" coveredconditionals="19" methods="24" coveredmethods="24" elements="109" coveredelements="109" complexity="0" loc="66" ncloc="66" packages="1" files="2" classes="2"/>
    <file name="__html__.js" path="/Users/tatomyr/projects/purity/__html__.js">
      <metrics statements="29" coveredstatements="29" conditionals="8" coveredconditionals="8" methods="15" coveredmethods="15"/>
      <line num="2" count="57" type="stmt"/>
      <line num="3" count="19" type="cond" truecount="4" falsecount="0"/>
      <line num="4" count="19" type="cond" truecount="2" falsecount="0"/>
      <line num="5" count="1" type="stmt"/>
      <line num="6" count="19" type="stmt"/>
      <line num="7" count="19" type="stmt"/>
      <line num="9" count="1" type="stmt"/>
      <line num="10" count="19" type="stmt"/>
      <line num="17" count="1" type="stmt"/>
      <line num="18" count="1" type="stmt"/>
      <line num="19" count="1" type="stmt"/>
      <line num="20" count="1" type="stmt"/>
      <line num="21" count="1" type="stmt"/>
      <line num="22" count="1" type="stmt"/>
      <line num="35" count="23" type="stmt"/>
      <line num="36" count="23" type="stmt"/>
      <line num="37" count="36" type="stmt"/>
      <line num="41" count="23" type="stmt"/>
      <line num="42" count="11" type="cond" truecount="2" falsecount="0"/>
      <line num="43" count="11" type="stmt"/>
      <line num="44" count="17" type="stmt"/>
      <line num="45" count="17" type="stmt"/>
      <line num="49" count="17" type="stmt"/>
      <line num="50" count="11" type="stmt"/>
      <line num="51" count="11" type="stmt"/>
      <line num="54" count="23" type="stmt"/>
      <line num="56" count="19" type="stmt"/>
      <line num="58" count="23" type="stmt"/>
      <line num="62" count="1" type="stmt"/>
    </file>
    <file name="__purity__.js" path="/Users/tatomyr/projects/purity/__purity__.js">
      <metrics statements="37" coveredstatements="37" conditionals="11" coveredconditionals="11" methods="9" coveredmethods="9"/>
      <line num="7" count="1" type="cond" truecount="1" falsecount="0"/>
      <line num="8" count="8" type="stmt"/>
      <line num="14" count="8" type="stmt"/>
      <line num="15" count="12" type="stmt"/>
      <line num="16" count="12" type="stmt"/>
      <line num="17" count="12" type="stmt"/>
      <line num="18" count="29" type="stmt"/>
      <line num="19" count="29" type="stmt"/>
      <line num="20" count="17" type="stmt"/>
      <line num="22" count="29" type="stmt"/>
      <line num="28" count="12" type="stmt"/>
      <line num="32" count="7" type="stmt"/>
      <line num="33" count="7" type="stmt"/>
      <line num="35" count="7" type="stmt"/>
      <line num="36" count="7" type="stmt"/>
      <line num="42" count="5" type="stmt"/>
      <line num="43" count="5" type="stmt"/>
      <line num="44" count="12" type="stmt"/>
      <line num="45" count="12" type="cond" truecount="4" falsecount="0"/>
      <line num="46" count="6" type="stmt"/>
      <line num="47" count="6" type="stmt"/>
      <line num="48" count="6" type="cond" truecount="2" falsecount="0"/>
      <line num="49" count="5" type="cond" truecount="4" falsecount="0"/>
      <line num="50" count="4" type="stmt"/>
      <line num="51" count="4" type="stmt"/>
      <line num="53" count="1" type="stmt"/>
      <line num="54" count="1" type="stmt"/>
      <line num="57" count="1" type="stmt"/>
      <line num="61" count="5" type="stmt"/>
      <line num="65" count="5" type="stmt"/>
      <line num="66" count="5" type="stmt"/>
      <line num="67" count="5" type="stmt"/>
      <line num="68" count="5" type="stmt"/>
      <line num="71" count="8" type="stmt"/>
      <line num="74" count="11" type="stmt"/>
      <line num="75" count="2" type="stmt"/>
      <line num="79" count="1" type="stmt"/>
    </file>
  </project>
</coverage>
