{"/Users/tatomyr/projects/purity/__factory__.js": {"path":"/Users/tatomyr/projects/purity/__factory__.js","statementMap":{"0":{"start":{"line":7,"column":20},"end":{"line":79,"column":1}},"1":{"start":{"line":8,"column":16},"end":{"line":8,"column":57}},"2":{"start":{"line":14,"column":20},"end":{"line":29,"column":3}},"3":{"start":{"line":15,"column":28},"end":{"line":15,"column":78}},"4":{"start":{"line":16,"column":24},"end":{"line":16,"column":33}},"5":{"start":{"line":17,"column":4},"end":{"line":27,"column":5}},"6":{"start":{"line":18,"column":22},"end":{"line":18,"column":45}},"7":{"start":{"line":19,"column":6},"end":{"line":21,"column":7}},"8":{"start":{"line":20,"column":8},"end":{"line":20,"column":68}},"9":{"start":{"line":22,"column":6},"end":{"line":26,"column":8}},"10":{"start":{"line":28,"column":4},"end":{"line":28,"column":22}},"11":{"start":{"line":32,"column":4},"end":{"line":32,"column":21}},"12":{"start":{"line":33,"column":4},"end":{"line":33,"column":47}},"13":{"start":{"line":35,"column":19},"end":{"line":35,"column":53}},"14":{"start":{"line":36,"column":4},"end":{"line":38,"column":54}},"15":{"start":{"line":39,"column":4},"end":{"line":39,"column":63}},"16":{"start":{"line":43,"column":27},"end":{"line":43,"column":53}},"17":{"start":{"line":44,"column":4},"end":{"line":61,"column":5}},"18":{"start":{"line":45,"column":20},"end":{"line":45,"column":42}},"19":{"start":{"line":46,"column":6},"end":{"line":60,"column":7}},"20":{"start":{"line":47,"column":8},"end":{"line":47,"column":30}},"21":{"start":{"line":48,"column":28},"end":{"line":48,"column":55}},"22":{"start":{"line":49,"column":8},"end":{"line":59,"column":9}},"23":{"start":{"line":50,"column":10},"end":{"line":56,"column":11}},"24":{"start":{"line":51,"column":12},"end":{"line":51,"column":36}},"25":{"start":{"line":52,"column":12},"end":{"line":52,"column":59}},"26":{"start":{"line":54,"column":12},"end":{"line":54,"column":37}},"27":{"start":{"line":55,"column":12},"end":{"line":55,"column":50}},"28":{"start":{"line":58,"column":10},"end":{"line":58,"column":29}},"29":{"start":{"line":62,"column":4},"end":{"line":62,"column":35}},"30":{"start":{"line":66,"column":20},"end":{"line":66,"column":47}},"31":{"start":{"line":67,"column":4},"end":{"line":67,"column":33}},"32":{"start":{"line":68,"column":4},"end":{"line":68,"column":14}},"33":{"start":{"line":69,"column":4},"end":{"line":69,"column":53}},"34":{"start":{"line":72,"column":2},"end":{"line":78,"column":3}},"35":{"start":{"line":75,"column":26},"end":{"line":75,"column":79}},"36":{"start":{"line":75,"column":38},"end":{"line":75,"column":79}},"37":{"start":{"line":76,"column":20},"end":{"line":76,"column":25}},"38":{"start":{"line":80,"column":1},"end":{"line":80,"column":29}}},"fnMap":{"0":{"name":"(anonymous_0)","decl":{"start":{"line":7,"column":20},"end":{"line":7,"column":21}},"loc":{"start":{"line":7,"column":63},"end":{"line":79,"column":1}},"line":7},"1":{"name":"(anonymous_1)","decl":{"start":{"line":7,"column":50},"end":{"line":7,"column":51}},"loc":{"start":{"line":7,"column":56},"end":{"line":7,"column":58}},"line":7},"2":{"name":"(anonymous_2)","decl":{"start":{"line":14,"column":20},"end":{"line":14,"column":21}},"loc":{"start":{"line":14,"column":28},"end":{"line":29,"column":3}},"line":14},"3":{"name":"mount","decl":{"start":{"line":31,"column":11},"end":{"line":31,"column":16}},"loc":{"start":{"line":31,"column":20},"end":{"line":40,"column":3}},"line":31},"4":{"name":"rerender","decl":{"start":{"line":42,"column":11},"end":{"line":42,"column":19}},"loc":{"start":{"line":42,"column":22},"end":{"line":63,"column":3}},"line":42},"5":{"name":"dispatch","decl":{"start":{"line":65,"column":11},"end":{"line":65,"column":19}},"loc":{"start":{"line":65,"column":28},"end":{"line":70,"column":3}},"line":65},"6":{"name":"(anonymous_6)","decl":{"start":{"line":75,"column":13},"end":{"line":75,"column":14}},"loc":{"start":{"line":75,"column":26},"end":{"line":75,"column":79}},"line":75},"7":{"name":"(anonymous_7)","decl":{"start":{"line":75,"column":26},"end":{"line":75,"column":27}},"loc":{"start":{"line":75,"column":38},"end":{"line":75,"column":79}},"line":75},"8":{"name":"(anonymous_8)","decl":{"start":{"line":76,"column":14},"end":{"line":76,"column":15}},"loc":{"start":{"line":76,"column":20},"end":{"line":76,"column":25}},"line":76}},"branchMap":{"0":{"loc":{"start":{"line":7,"column":35},"end":{"line":7,"column":58}},"type":"default-arg","locations":[{"start":{"line":7,"column":50},"end":{"line":7,"column":58}}],"line":7},"1":{"loc":{"start":{"line":46,"column":6},"end":{"line":60,"column":7}},"type":"if","locations":[{"start":{"line":46,"column":6},"end":{"line":60,"column":7}},{"start":{"line":46,"column":6},"end":{"line":60,"column":7}}],"line":46},"2":{"loc":{"start":{"line":46,"column":33},"end":{"line":46,"column":59}},"type":"binary-expr","locations":[{"start":{"line":46,"column":33},"end":{"line":46,"column":38}},{"start":{"line":46,"column":42},"end":{"line":46,"column":59}}],"line":46},"3":{"loc":{"start":{"line":49,"column":8},"end":{"line":59,"column":9}},"type":"if","locations":[{"start":{"line":49,"column":8},"end":{"line":59,"column":9}},{"start":{"line":49,"column":8},"end":{"line":59,"column":9}}],"line":49},"4":{"loc":{"start":{"line":50,"column":10},"end":{"line":56,"column":11}},"type":"if","locations":[{"start":{"line":50,"column":10},"end":{"line":56,"column":11}},{"start":{"line":50,"column":10},"end":{"line":56,"column":11}}],"line":50},"5":{"loc":{"start":{"line":50,"column":37},"end":{"line":50,"column":63}},"type":"binary-expr","locations":[{"start":{"line":50,"column":37},"end":{"line":50,"column":42}},{"start":{"line":50,"column":46},"end":{"line":50,"column":63}}],"line":50}},"s":{"0":2,"1":10,"2":10,"3":15,"4":15,"5":15,"6":32,"7":32,"8":17,"9":32,"10":15,"11":9,"12":9,"13":9,"14":9,"15":9,"16":6,"17":6,"18":13,"19":13,"20":7,"21":7,"22":7,"23":6,"24":5,"25":5,"26":1,"27":1,"28":1,"29":6,"30":6,"31":6,"32":6,"33":6,"34":10,"35":8,"36":16,"37":2,"38":2},"f":{"0":10,"1":15,"2":15,"3":9,"4":6,"5":6,"6":8,"7":16,"8":2},"b":{"0":[10],"1":[7,6],"2":[13,12],"3":[6,1],"4":[5,1],"5":[6,6]},"_coverageSchema":"43e27e138ebf9cfc5966b082cf9a028302ed4184","hash":"108e4af634cda471930f85493ce8ca398ec415d7"}
,"/Users/tatomyr/projects/purity/__htmx__.js": {"path":"/Users/tatomyr/projects/purity/__htmx__.js","statementMap":{"0":{"start":{"line":2,"column":13},"end":{"line":2,"column":63}},"1":{"start":{"line":2,"column":27},"end":{"line":2,"column":63}},"2":{"start":{"line":2,"column":32},"end":{"line":2,"column":63}},"3":{"start":{"line":2,"column":55},"end":{"line":2,"column":59}},"4":{"start":{"line":3,"column":20},"end":{"line":3,"column":65}},"5":{"start":{"line":3,"column":26},"end":{"line":3,"column":64}},"6":{"start":{"line":4,"column":20},"end":{"line":4,"column":60}},"7":{"start":{"line":4,"column":26},"end":{"line":4,"column":59}},"8":{"start":{"line":5,"column":14},"end":{"line":8,"column":1}},"9":{"start":{"line":6,"column":2},"end":{"line":6,"column":33}},"10":{"start":{"line":7,"column":2},"end":{"line":7,"column":10}},"11":{"start":{"line":9,"column":16},"end":{"line":14,"column":6}},"12":{"start":{"line":10,"column":2},"end":{"line":14,"column":6}},"13":{"start":{"line":17,"column":15},"end":{"line":17,"column":30}},"14":{"start":{"line":18,"column":16},"end":{"line":18,"column":40}},"15":{"start":{"line":19,"column":16},"end":{"line":19,"column":43}},"16":{"start":{"line":20,"column":17},"end":{"line":20,"column":42}},"17":{"start":{"line":21,"column":21},"end":{"line":21,"column":49}},"18":{"start":{"line":22,"column":22},"end":{"line":22,"column":52}},"19":{"start":{"line":36,"column":13},"end":{"line":58,"column":1}},"20":{"start":{"line":36,"column":27},"end":{"line":58,"column":1}},"21":{"start":{"line":37,"column":26},"end":{"line":40,"column":3}},"22":{"start":{"line":38,"column":20},"end":{"line":38,"column":43}},"23":{"start":{"line":41,"column":27},"end":{"line":51,"column":3}},"24":{"start":{"line":42,"column":21},"end":{"line":42,"column":57}},"25":{"start":{"line":43,"column":26},"end":{"line":48,"column":6}},"26":{"start":{"line":44,"column":35},"end":{"line":44,"column":54}},"27":{"start":{"line":45,"column":6},"end":{"line":47,"column":7}},"28":{"start":{"line":49,"column":18},"end":{"line":49,"column":76}},"29":{"start":{"line":49,"column":53},"end":{"line":49,"column":70}},"30":{"start":{"line":50,"column":4},"end":{"line":50,"column":43}},"31":{"start":{"line":53,"column":19},"end":{"line":56,"column":11}},"32":{"start":{"line":55,"column":36},"end":{"line":55,"column":57}},"33":{"start":{"line":57,"column":2},"end":{"line":57,"column":17}},"34":{"start":{"line":61,"column":1},"end":{"line":61,"column":22}}},"fnMap":{"0":{"name":"(anonymous_0)","decl":{"start":{"line":2,"column":13},"end":{"line":2,"column":14}},"loc":{"start":{"line":2,"column":27},"end":{"line":2,"column":63}},"line":2},"1":{"name":"(anonymous_1)","decl":{"start":{"line":2,"column":27},"end":{"line":2,"column":28}},"loc":{"start":{"line":2,"column":32},"end":{"line":2,"column":63}},"line":2},"2":{"name":"(anonymous_2)","decl":{"start":{"line":2,"column":45},"end":{"line":2,"column":46}},"loc":{"start":{"line":2,"column":55},"end":{"line":2,"column":59}},"line":2},"3":{"name":"(anonymous_3)","decl":{"start":{"line":3,"column":20},"end":{"line":3,"column":21}},"loc":{"start":{"line":3,"column":26},"end":{"line":3,"column":64}},"line":3},"4":{"name":"(anonymous_4)","decl":{"start":{"line":4,"column":20},"end":{"line":4,"column":21}},"loc":{"start":{"line":4,"column":26},"end":{"line":4,"column":59}},"line":4},"5":{"name":"(anonymous_5)","decl":{"start":{"line":5,"column":14},"end":{"line":5,"column":15}},"loc":{"start":{"line":5,"column":30},"end":{"line":8,"column":1}},"line":5},"6":{"name":"(anonymous_6)","decl":{"start":{"line":9,"column":16},"end":{"line":9,"column":17}},"loc":{"start":{"line":10,"column":2},"end":{"line":14,"column":6}},"line":10},"7":{"name":"(anonymous_7)","decl":{"start":{"line":36,"column":13},"end":{"line":36,"column":14}},"loc":{"start":{"line":36,"column":27},"end":{"line":58,"column":1}},"line":36},"8":{"name":"(anonymous_8)","decl":{"start":{"line":36,"column":27},"end":{"line":36,"column":28}},"loc":{"start":{"line":36,"column":61},"end":{"line":58,"column":1}},"line":36},"9":{"name":"(anonymous_9)","decl":{"start":{"line":38,"column":4},"end":{"line":38,"column":5}},"loc":{"start":{"line":38,"column":20},"end":{"line":38,"column":43}},"line":38},"10":{"name":"(anonymous_10)","decl":{"start":{"line":41,"column":27},"end":{"line":41,"column":28}},"loc":{"start":{"line":41,"column":65},"end":{"line":51,"column":3}},"line":41},"11":{"name":"(anonymous_11)","decl":{"start":{"line":43,"column":39},"end":{"line":43,"column":40}},"loc":{"start":{"line":43,"column":47},"end":{"line":48,"column":5}},"line":43},"12":{"name":"(anonymous_12)","decl":{"start":{"line":49,"column":39},"end":{"line":49,"column":40}},"loc":{"start":{"line":49,"column":53},"end":{"line":49,"column":70}},"line":49},"13":{"name":"(anonymous_13)","decl":{"start":{"line":55,"column":22},"end":{"line":55,"column":23}},"loc":{"start":{"line":55,"column":36},"end":{"line":55,"column":57}},"line":55}},"branchMap":{"0":{"loc":{"start":{"line":3,"column":26},"end":{"line":3,"column":64}},"type":"cond-expr","locations":[{"start":{"line":3,"column":58},"end":{"line":3,"column":60}},{"start":{"line":3,"column":63},"end":{"line":3,"column":64}}],"line":3},"1":{"loc":{"start":{"line":3,"column":26},"end":{"line":3,"column":55}},"type":"binary-expr","locations":[{"start":{"line":3,"column":26},"end":{"line":3,"column":41}},{"start":{"line":3,"column":45},"end":{"line":3,"column":55}}],"line":3},"2":{"loc":{"start":{"line":4,"column":26},"end":{"line":4,"column":59}},"type":"cond-expr","locations":[{"start":{"line":4,"column":45},"end":{"line":4,"column":55}},{"start":{"line":4,"column":58},"end":{"line":4,"column":59}}],"line":4},"3":{"loc":{"start":{"line":42,"column":21},"end":{"line":42,"column":57}},"type":"cond-expr","locations":[{"start":{"line":42,"column":31},"end":{"line":42,"column":52}},{"start":{"line":42,"column":55},"end":{"line":42,"column":57}}],"line":42}},"s":{"0":2,"1":31,"2":31,"3":93,"4":2,"5":31,"6":2,"7":31,"8":2,"9":31,"10":31,"11":2,"12":31,"13":2,"14":2,"15":2,"16":2,"17":2,"18":2,"19":2,"20":40,"21":40,"22":58,"23":40,"24":20,"25":20,"26":27,"27":27,"28":20,"29":27,"30":20,"31":40,"32":31,"33":40,"34":2},"f":{"0":31,"1":31,"2":93,"3":31,"4":31,"5":31,"6":31,"7":40,"8":40,"9":58,"10":20,"11":27,"12":27,"13":31},"b":{"0":[3,28],"1":[31,28],"2":[2,29],"3":[18,2]},"_coverageSchema":"43e27e138ebf9cfc5966b082cf9a028302ed4184","hash":"b5e165a18eeda953b29d54924f1939833b947622"}
}
