{"/Users/tatomyr/projects/quantum/__html__.js": {"path":"/Users/tatomyr/projects/quantum/__html__.js","statementMap":{"0":{"start":{"line":2,"column":13},"end":{"line":2,"column":63}},"1":{"start":{"line":2,"column":27},"end":{"line":2,"column":63}},"2":{"start":{"line":2,"column":32},"end":{"line":2,"column":63}},"3":{"start":{"line":2,"column":55},"end":{"line":2,"column":59}},"4":{"start":{"line":3,"column":20},"end":{"line":3,"column":65}},"5":{"start":{"line":3,"column":26},"end":{"line":3,"column":64}},"6":{"start":{"line":4,"column":20},"end":{"line":4,"column":60}},"7":{"start":{"line":4,"column":26},"end":{"line":4,"column":59}},"8":{"start":{"line":5,"column":16},"end":{"line":9,"column":6}},"9":{"start":{"line":6,"column":2},"end":{"line":9,"column":6}},"10":{"start":{"line":11,"column":16},"end":{"line":11,"column":51}},"11":{"start":{"line":12,"column":21},"end":{"line":15,"column":1}},"12":{"start":{"line":20,"column":17},"end":{"line":20,"column":42}},"13":{"start":{"line":22,"column":14},"end":{"line":23,"column":52}},"14":{"start":{"line":22,"column":36},"end":{"line":23,"column":52}},"15":{"start":{"line":23,"column":2},"end":{"line":23,"column":52}},"16":{"start":{"line":35,"column":13},"end":{"line":74,"column":1}},"17":{"start":{"line":35,"column":32},"end":{"line":74,"column":1}},"18":{"start":{"line":36,"column":2},"end":{"line":36,"column":48}},"19":{"start":{"line":37,"column":23},"end":{"line":40,"column":3}},"20":{"start":{"line":38,"column":20},"end":{"line":38,"column":52}},"21":{"start":{"line":41,"column":41},"end":{"line":69,"column":6}},"22":{"start":{"line":42,"column":4},"end":{"line":69,"column":6}},"23":{"start":{"line":43,"column":6},"end":{"line":43,"column":48}},"24":{"start":{"line":45,"column":23},"end":{"line":45,"column":57}},"25":{"start":{"line":46,"column":28},"end":{"line":60,"column":7}},"26":{"start":{"line":47,"column":8},"end":{"line":59,"column":9}},"27":{"start":{"line":49,"column":12},"end":{"line":49,"column":40}},"28":{"start":{"line":50,"column":29},"end":{"line":50,"column":64}},"29":{"start":{"line":52,"column":12},"end":{"line":57,"column":63}},"30":{"start":{"line":57,"column":50},"end":{"line":57,"column":60}},"31":{"start":{"line":62,"column":20},"end":{"line":62,"column":78}},"32":{"start":{"line":62,"column":55},"end":{"line":62,"column":72}},"33":{"start":{"line":64,"column":32},"end":{"line":66,"column":7}},"34":{"start":{"line":65,"column":22},"end":{"line":65,"column":44}},"35":{"start":{"line":68,"column":6},"end":{"line":68,"column":37}},"36":{"start":{"line":71,"column":19},"end":{"line":71,"column":63}},"37":{"start":{"line":72,"column":2},"end":{"line":72,"column":24}},"38":{"start":{"line":73,"column":2},"end":{"line":73,"column":24}},"39":{"start":{"line":77,"column":1},"end":{"line":77,"column":22}}},"fnMap":{"0":{"name":"(anonymous_0)","decl":{"start":{"line":2,"column":13},"end":{"line":2,"column":14}},"loc":{"start":{"line":2,"column":27},"end":{"line":2,"column":63}},"line":2},"1":{"name":"(anonymous_1)","decl":{"start":{"line":2,"column":27},"end":{"line":2,"column":28}},"loc":{"start":{"line":2,"column":32},"end":{"line":2,"column":63}},"line":2},"2":{"name":"(anonymous_2)","decl":{"start":{"line":2,"column":45},"end":{"line":2,"column":46}},"loc":{"start":{"line":2,"column":55},"end":{"line":2,"column":59}},"line":2},"3":{"name":"(anonymous_3)","decl":{"start":{"line":3,"column":20},"end":{"line":3,"column":21}},"loc":{"start":{"line":3,"column":26},"end":{"line":3,"column":64}},"line":3},"4":{"name":"(anonymous_4)","decl":{"start":{"line":4,"column":20},"end":{"line":4,"column":21}},"loc":{"start":{"line":4,"column":26},"end":{"line":4,"column":59}},"line":4},"5":{"name":"(anonymous_5)","decl":{"start":{"line":5,"column":16},"end":{"line":5,"column":17}},"loc":{"start":{"line":6,"column":2},"end":{"line":9,"column":6}},"line":6},"6":{"name":"(anonymous_6)","decl":{"start":{"line":22,"column":14},"end":{"line":22,"column":15}},"loc":{"start":{"line":22,"column":36},"end":{"line":23,"column":52}},"line":22},"7":{"name":"(anonymous_7)","decl":{"start":{"line":22,"column":36},"end":{"line":22,"column":37}},"loc":{"start":{"line":23,"column":2},"end":{"line":23,"column":52}},"line":23},"8":{"name":"(anonymous_8)","decl":{"start":{"line":35,"column":13},"end":{"line":35,"column":14}},"loc":{"start":{"line":35,"column":32},"end":{"line":74,"column":1}},"line":35},"9":{"name":"(anonymous_9)","decl":{"start":{"line":35,"column":32},"end":{"line":35,"column":33}},"loc":{"start":{"line":35,"column":66},"end":{"line":74,"column":1}},"line":35},"10":{"name":"(anonymous_10)","decl":{"start":{"line":38,"column":4},"end":{"line":38,"column":5}},"loc":{"start":{"line":38,"column":20},"end":{"line":38,"column":52}},"line":38},"11":{"name":"(anonymous_11)","decl":{"start":{"line":41,"column":41},"end":{"line":41,"column":42}},"loc":{"start":{"line":42,"column":4},"end":{"line":69,"column":6}},"line":42},"12":{"name":"(anonymous_12)","decl":{"start":{"line":42,"column":30},"end":{"line":42,"column":31}},"loc":{"start":{"line":42,"column":68},"end":{"line":69,"column":5}},"line":42},"13":{"name":"(anonymous_13)","decl":{"start":{"line":46,"column":41},"end":{"line":46,"column":42}},"loc":{"start":{"line":47,"column":8},"end":{"line":59,"column":9}},"line":47},"14":{"name":"(anonymous_14)","decl":{"start":{"line":48,"column":36},"end":{"line":48,"column":37}},"loc":{"start":{"line":48,"column":55},"end":{"line":58,"column":11}},"line":48},"15":{"name":"(anonymous_15)","decl":{"start":{"line":57,"column":38},"end":{"line":57,"column":39}},"loc":{"start":{"line":57,"column":50},"end":{"line":57,"column":60}},"line":57},"16":{"name":"(anonymous_16)","decl":{"start":{"line":62,"column":41},"end":{"line":62,"column":42}},"loc":{"start":{"line":62,"column":55},"end":{"line":62,"column":72}},"line":62},"17":{"name":"(anonymous_17)","decl":{"start":{"line":65,"column":8},"end":{"line":65,"column":9}},"loc":{"start":{"line":65,"column":22},"end":{"line":65,"column":44}},"line":65}},"branchMap":{"0":{"loc":{"start":{"line":3,"column":26},"end":{"line":3,"column":64}},"type":"cond-expr","locations":[{"start":{"line":3,"column":58},"end":{"line":3,"column":60}},{"start":{"line":3,"column":63},"end":{"line":3,"column":64}}],"line":3},"1":{"loc":{"start":{"line":3,"column":26},"end":{"line":3,"column":55}},"type":"binary-expr","locations":[{"start":{"line":3,"column":26},"end":{"line":3,"column":41}},{"start":{"line":3,"column":45},"end":{"line":3,"column":55}}],"line":3},"2":{"loc":{"start":{"line":4,"column":26},"end":{"line":4,"column":59}},"type":"cond-expr","locations":[{"start":{"line":4,"column":45},"end":{"line":4,"column":55}},{"start":{"line":4,"column":58},"end":{"line":4,"column":59}}],"line":4},"3":{"loc":{"start":{"line":22,"column":15},"end":{"line":22,"column":31}},"type":"default-arg","locations":[{"start":{"line":22,"column":27},"end":{"line":22,"column":31}}],"line":22},"4":{"loc":{"start":{"line":23,"column":2},"end":{"line":23,"column":52}},"type":"cond-expr","locations":[{"start":{"line":23,"column":10},"end":{"line":23,"column":40}},{"start":{"line":23,"column":43},"end":{"line":23,"column":52}}],"line":23},"5":{"loc":{"start":{"line":45,"column":23},"end":{"line":45,"column":57}},"type":"cond-expr","locations":[{"start":{"line":45,"column":31},"end":{"line":45,"column":52}},{"start":{"line":45,"column":55},"end":{"line":45,"column":57}}],"line":45}},"s":{"0":1,"1":25,"2":25,"3":50,"4":1,"5":25,"6":1,"7":25,"8":1,"9":25,"10":1,"11":1,"12":1,"13":1,"14":58,"15":58,"16":1,"17":17,"18":17,"19":17,"20":25,"21":17,"22":32,"23":9,"24":9,"25":9,"26":15,"27":15,"28":15,"29":15,"30":4,"31":9,"32":15,"33":9,"34":11,"35":9,"36":17,"37":17,"38":17,"39":1},"f":{"0":25,"1":25,"2":50,"3":25,"4":25,"5":25,"6":58,"7":58,"8":17,"9":17,"10":25,"11":32,"12":9,"13":15,"14":15,"15":4,"16":15,"17":11},"b":{"0":[1,24],"1":[25,24],"2":[1,24],"3":[41],"4":[0,58],"5":[8,1]},"_coverageSchema":"43e27e138ebf9cfc5966b082cf9a028302ed4184","hash":"fd75c4e2a77bd3a383506be46b2b169b8a94b18a"}
,"/Users/tatomyr/projects/quantum/__quantum__.js": {"path":"/Users/tatomyr/projects/quantum/__quantum__.js","statementMap":{"0":{"start":{"line":7,"column":20},"end":{"line":78,"column":1}},"1":{"start":{"line":8,"column":16},"end":{"line":8,"column":57}},"2":{"start":{"line":14,"column":20},"end":{"line":29,"column":3}},"3":{"start":{"line":15,"column":28},"end":{"line":15,"column":78}},"4":{"start":{"line":16,"column":24},"end":{"line":16,"column":33}},"5":{"start":{"line":17,"column":4},"end":{"line":27,"column":5}},"6":{"start":{"line":18,"column":22},"end":{"line":18,"column":45}},"7":{"start":{"line":19,"column":6},"end":{"line":21,"column":7}},"8":{"start":{"line":20,"column":8},"end":{"line":20,"column":68}},"9":{"start":{"line":22,"column":6},"end":{"line":26,"column":8}},"10":{"start":{"line":28,"column":4},"end":{"line":28,"column":22}},"11":{"start":{"line":32,"column":4},"end":{"line":32,"column":21}},"12":{"start":{"line":33,"column":4},"end":{"line":33,"column":47}},"13":{"start":{"line":35,"column":19},"end":{"line":35,"column":53}},"14":{"start":{"line":36,"column":4},"end":{"line":38,"column":54}},"15":{"start":{"line":42,"column":27},"end":{"line":42,"column":53}},"16":{"start":{"line":43,"column":4},"end":{"line":60,"column":5}},"17":{"start":{"line":44,"column":20},"end":{"line":44,"column":42}},"18":{"start":{"line":45,"column":6},"end":{"line":59,"column":7}},"19":{"start":{"line":46,"column":8},"end":{"line":46,"column":30}},"20":{"start":{"line":47,"column":28},"end":{"line":47,"column":55}},"21":{"start":{"line":48,"column":8},"end":{"line":58,"column":9}},"22":{"start":{"line":49,"column":10},"end":{"line":55,"column":11}},"23":{"start":{"line":50,"column":12},"end":{"line":50,"column":36}},"24":{"start":{"line":51,"column":12},"end":{"line":51,"column":59}},"25":{"start":{"line":53,"column":12},"end":{"line":53,"column":37}},"26":{"start":{"line":54,"column":12},"end":{"line":54,"column":50}},"27":{"start":{"line":57,"column":10},"end":{"line":57,"column":29}},"28":{"start":{"line":61,"column":4},"end":{"line":61,"column":35}},"29":{"start":{"line":65,"column":20},"end":{"line":65,"column":47}},"30":{"start":{"line":66,"column":4},"end":{"line":66,"column":33}},"31":{"start":{"line":67,"column":4},"end":{"line":67,"column":14}},"32":{"start":{"line":68,"column":4},"end":{"line":68,"column":41}},"33":{"start":{"line":71,"column":2},"end":{"line":77,"column":3}},"34":{"start":{"line":74,"column":26},"end":{"line":74,"column":74}},"35":{"start":{"line":74,"column":38},"end":{"line":74,"column":74}},"36":{"start":{"line":75,"column":20},"end":{"line":75,"column":25}},"37":{"start":{"line":79,"column":1},"end":{"line":79,"column":29}}},"fnMap":{"0":{"name":"(anonymous_0)","decl":{"start":{"line":7,"column":20},"end":{"line":7,"column":21}},"loc":{"start":{"line":7,"column":63},"end":{"line":78,"column":1}},"line":7},"1":{"name":"(anonymous_1)","decl":{"start":{"line":7,"column":50},"end":{"line":7,"column":51}},"loc":{"start":{"line":7,"column":56},"end":{"line":7,"column":58}},"line":7},"2":{"name":"(anonymous_2)","decl":{"start":{"line":14,"column":20},"end":{"line":14,"column":21}},"loc":{"start":{"line":14,"column":28},"end":{"line":29,"column":3}},"line":14},"3":{"name":"mount","decl":{"start":{"line":31,"column":11},"end":{"line":31,"column":16}},"loc":{"start":{"line":31,"column":20},"end":{"line":39,"column":3}},"line":31},"4":{"name":"rerender","decl":{"start":{"line":41,"column":11},"end":{"line":41,"column":19}},"loc":{"start":{"line":41,"column":22},"end":{"line":62,"column":3}},"line":41},"5":{"name":"dispatch","decl":{"start":{"line":64,"column":11},"end":{"line":64,"column":19}},"loc":{"start":{"line":64,"column":28},"end":{"line":69,"column":3}},"line":64},"6":{"name":"(anonymous_6)","decl":{"start":{"line":74,"column":13},"end":{"line":74,"column":14}},"loc":{"start":{"line":74,"column":26},"end":{"line":74,"column":74}},"line":74},"7":{"name":"(anonymous_7)","decl":{"start":{"line":74,"column":26},"end":{"line":74,"column":27}},"loc":{"start":{"line":74,"column":38},"end":{"line":74,"column":74}},"line":74},"8":{"name":"(anonymous_8)","decl":{"start":{"line":75,"column":14},"end":{"line":75,"column":15}},"loc":{"start":{"line":75,"column":20},"end":{"line":75,"column":25}},"line":75}},"branchMap":{"0":{"loc":{"start":{"line":7,"column":35},"end":{"line":7,"column":58}},"type":"default-arg","locations":[{"start":{"line":7,"column":50},"end":{"line":7,"column":58}}],"line":7},"1":{"loc":{"start":{"line":45,"column":6},"end":{"line":59,"column":7}},"type":"if","locations":[{"start":{"line":45,"column":6},"end":{"line":59,"column":7}},{"start":{"line":45,"column":6},"end":{"line":59,"column":7}}],"line":45},"2":{"loc":{"start":{"line":45,"column":33},"end":{"line":45,"column":59}},"type":"binary-expr","locations":[{"start":{"line":45,"column":33},"end":{"line":45,"column":38}},{"start":{"line":45,"column":42},"end":{"line":45,"column":59}}],"line":45},"3":{"loc":{"start":{"line":48,"column":8},"end":{"line":58,"column":9}},"type":"if","locations":[{"start":{"line":48,"column":8},"end":{"line":58,"column":9}},{"start":{"line":48,"column":8},"end":{"line":58,"column":9}}],"line":48},"4":{"loc":{"start":{"line":49,"column":10},"end":{"line":55,"column":11}},"type":"if","locations":[{"start":{"line":49,"column":10},"end":{"line":55,"column":11}},{"start":{"line":49,"column":10},"end":{"line":55,"column":11}}],"line":49},"5":{"loc":{"start":{"line":49,"column":37},"end":{"line":49,"column":63}},"type":"binary-expr","locations":[{"start":{"line":49,"column":37},"end":{"line":49,"column":42}},{"start":{"line":49,"column":46},"end":{"line":49,"column":63}}],"line":49}},"s":{"0":1,"1":8,"2":8,"3":12,"4":12,"5":12,"6":29,"7":29,"8":17,"9":29,"10":12,"11":7,"12":7,"13":7,"14":7,"15":5,"16":5,"17":12,"18":12,"19":6,"20":6,"21":6,"22":5,"23":4,"24":4,"25":1,"26":1,"27":1,"28":5,"29":5,"30":5,"31":5,"32":5,"33":8,"34":6,"35":11,"36":2,"37":1},"f":{"0":8,"1":5,"2":12,"3":7,"4":5,"5":5,"6":6,"7":11,"8":2},"b":{"0":[8],"1":[6,6],"2":[12,11],"3":[5,1],"4":[4,1],"5":[5,5]},"_coverageSchema":"43e27e138ebf9cfc5966b082cf9a028302ed4184","hash":"85674430ef35aa2c18edba34bac6e86f08b0298e"}
}
