TN:
SF:/Users/tatomyr/projects/purity/__factory__.js
FN:7,(anonymous_0)
FN:7,(anonymous_1)
FN:14,(anonymous_2)
FN:31,mount
FN:42,rerender
FN:65,dispatch
FN:75,(anonymous_6)
FN:75,(anonymous_7)
FN:76,(anonymous_8)
FNF:9
FNH:9
FNDA:10,(anonymous_0)
FNDA:15,(anonymous_1)
FNDA:15,(anonymous_2)
FNDA:9,mount
FNDA:6,rerender
FNDA:6,dispatch
FNDA:8,(anonymous_6)
FNDA:16,(anonymous_7)
FNDA:2,(anonymous_8)
DA:7,2
DA:8,10
DA:14,10
DA:15,15
DA:16,15
DA:17,15
DA:18,32
DA:19,32
DA:20,17
DA:22,32
DA:28,15
DA:32,9
DA:33,9
DA:35,9
DA:36,9
DA:39,9
DA:43,6
DA:44,6
DA:45,13
DA:46,13
DA:47,7
DA:48,7
DA:49,7
DA:50,6
DA:51,5
DA:52,5
DA:54,1
DA:55,1
DA:58,1
DA:62,6
DA:66,6
DA:67,6
DA:68,6
DA:69,6
DA:72,10
DA:75,16
DA:76,2
DA:80,2
LF:38
LH:38
BRDA:7,0,0,10
BRDA:46,1,0,7
BRDA:46,1,1,6
BRDA:46,2,0,13
BRDA:46,2,1,12
BRDA:49,3,0,6
BRDA:49,3,1,1
BRDA:50,4,0,5
BRDA:50,4,1,1
BRDA:50,5,0,6
BRDA:50,5,1,6
BRF:11
BRH:11
end_of_record
TN:
SF:/Users/tatomyr/projects/purity/__htmx__.js
FN:2,(anonymous_0)
FN:2,(anonymous_1)
FN:2,(anonymous_2)
FN:3,(anonymous_3)
FN:4,(anonymous_4)
FN:5,(anonymous_5)
FN:9,(anonymous_6)
FN:36,(anonymous_7)
FN:36,(anonymous_8)
FN:38,(anonymous_9)
FN:41,(anonymous_10)
FN:43,(anonymous_11)
FN:49,(anonymous_12)
FN:55,(anonymous_13)
FNF:14
FNH:14
FNDA:31,(anonymous_0)
FNDA:31,(anonymous_1)
FNDA:93,(anonymous_2)
FNDA:31,(anonymous_3)
FNDA:31,(anonymous_4)
FNDA:31,(anonymous_5)
FNDA:31,(anonymous_6)
FNDA:40,(anonymous_7)
FNDA:40,(anonymous_8)
FNDA:58,(anonymous_9)
FNDA:20,(anonymous_10)
FNDA:27,(anonymous_11)
FNDA:27,(anonymous_12)
FNDA:31,(anonymous_13)
DA:2,93
DA:3,31
DA:4,31
DA:5,2
DA:6,31
DA:7,31
DA:9,2
DA:10,31
DA:17,2
DA:18,2
DA:19,2
DA:20,2
DA:21,2
DA:22,2
DA:36,40
DA:37,40
DA:38,58
DA:41,40
DA:42,20
DA:43,20
DA:44,27
DA:45,27
DA:49,27
DA:50,20
DA:53,40
DA:55,31
DA:57,40
DA:61,2
LF:28
LH:28
BRDA:3,0,0,3
BRDA:3,0,1,28
BRDA:3,1,0,31
BRDA:3,1,1,28
BRDA:4,2,0,2
BRDA:4,2,1,29
BRDA:42,3,0,18
BRDA:42,3,1,2
BRF:8
BRH:8
end_of_record
