TN:
SF:/Users/tatomyr/projects/quantum/__html__.js
FN:2,(anonymous_0)
FN:2,(anonymous_1)
FN:2,(anonymous_2)
FN:3,(anonymous_3)
FN:4,(anonymous_4)
FN:5,(anonymous_5)
FN:22,(anonymous_6)
FN:22,(anonymous_7)
FN:35,(anonymous_8)
FN:35,(anonymous_9)
FN:38,(anonymous_10)
FN:41,(anonymous_11)
FN:42,(anonymous_12)
FN:46,(anonymous_13)
FN:48,(anonymous_14)
FN:57,(anonymous_15)
FN:62,(anonymous_16)
FN:65,(anonymous_17)
FNF:18
FNH:18
FNDA:25,(anonymous_0)
FNDA:25,(anonymous_1)
FNDA:50,(anonymous_2)
FNDA:25,(anonymous_3)
FNDA:25,(anonymous_4)
FNDA:25,(anonymous_5)
FNDA:58,(anonymous_6)
FNDA:58,(anonymous_7)
FNDA:17,(anonymous_8)
FNDA:17,(anonymous_9)
FNDA:25,(anonymous_10)
FNDA:32,(anonymous_11)
FNDA:9,(anonymous_12)
FNDA:15,(anonymous_13)
FNDA:15,(anonymous_14)
FNDA:4,(anonymous_15)
FNDA:15,(anonymous_16)
FNDA:11,(anonymous_17)
DA:2,50
DA:3,25
DA:4,25
DA:5,1
DA:6,25
DA:11,1
DA:12,1
DA:20,1
DA:22,58
DA:23,58
DA:35,17
DA:36,17
DA:37,17
DA:38,25
DA:41,17
DA:42,32
DA:43,9
DA:45,9
DA:46,9
DA:47,15
DA:49,15
DA:50,15
DA:52,15
DA:57,4
DA:62,15
DA:64,9
DA:65,11
DA:68,9
DA:71,17
DA:72,17
DA:73,17
DA:77,1
LF:32
LH:32
BRDA:3,0,0,1
BRDA:3,0,1,24
BRDA:3,1,0,25
BRDA:3,1,1,24
BRDA:4,2,0,1
BRDA:4,2,1,24
BRDA:22,3,0,41
BRDA:23,4,0,0
BRDA:23,4,1,58
BRDA:45,5,0,8
BRDA:45,5,1,1
BRF:11
BRH:10
end_of_record
TN:
SF:/Users/tatomyr/projects/quantum/__quantum__.js
FN:7,(anonymous_0)
FN:7,(anonymous_1)
FN:14,(anonymous_2)
FN:31,mount
FN:41,rerender
FN:64,dispatch
FN:74,(anonymous_6)
FN:74,(anonymous_7)
FN:75,(anonymous_8)
FNF:9
FNH:9
FNDA:8,(anonymous_0)
FNDA:5,(anonymous_1)
FNDA:12,(anonymous_2)
FNDA:7,mount
FNDA:5,rerender
FNDA:5,dispatch
FNDA:6,(anonymous_6)
FNDA:11,(anonymous_7)
FNDA:2,(anonymous_8)
DA:7,1
DA:8,8
DA:14,8
DA:15,12
DA:16,12
DA:17,12
DA:18,29
DA:19,29
DA:20,17
DA:22,29
DA:28,12
DA:32,7
DA:33,7
DA:35,7
DA:36,7
DA:42,5
DA:43,5
DA:44,12
DA:45,12
DA:46,6
DA:47,6
DA:48,6
DA:49,5
DA:50,4
DA:51,4
DA:53,1
DA:54,1
DA:57,1
DA:61,5
DA:65,5
DA:66,5
DA:67,5
DA:68,5
DA:71,8
DA:74,11
DA:75,2
DA:79,1
LF:37
LH:37
BRDA:7,0,0,8
BRDA:45,1,0,6
BRDA:45,1,1,6
BRDA:45,2,0,12
BRDA:45,2,1,11
BRDA:48,3,0,5
BRDA:48,3,1,1
BRDA:49,4,0,4
BRDA:49,4,1,1
BRDA:49,5,0,5
BRDA:49,5,1,5
BRF:11
BRH:11
end_of_record
